This is XeTeX, Version 3.14159265-2.6-0.99992 (TeX Live 2015/Debian) (preloaded format=xelatex 2017.2.20)  7 MAY 2017 20:06
entering extended mode
 \write18 enabled.
 %&-line parsing enabled.
**abstract.tex
(./abstract.tex
LaTeX2e <2016/02/01>
Babel <3.9q> and hyphenation patterns for 81 language(s) loaded.
! Undefined control sequence.
l.1 ^^I^^I\ctitle
                 {浅析深度学习与非深度学习的特征提取}
The control sequence at the end of the top line
of your error message was never \def'ed. If you have
misspelled it (e.g., `\hobx'), type `I' and the correct
spelling (e.g., `I\hbox'). Otherwise just continue,
and I'll forget about whatever was undefined.


! LaTeX Error: Missing \begin{document}.

See the LaTeX manual or LaTeX Companion for explanation.
Type  H <return>  for immediate help.
 ...                                              
                                                  
l.1 ^^I^^I\ctitle{浅
                     析深度学习与非深度学习的特征提取}
You're in trouble here.  Try typing  <return>  to proceed.
If that doesn't work, type  X <return>  to quit.

Missing character: There is no 浅 in font nullfont!
Missing character: There is no 析 in font nullfont!
Missing character: There is no 深 in font nullfont!
Missing character: There is no 度 in font nullfont!
Missing character: There is no 学 in font nullfont!
Missing character: There is no 习 in font nullfont!
Missing character: There is no 与 in font nullfont!
Missing character: There is no 非 in font nullfont!
Missing character: There is no 深 in font nullfont!
Missing character: There is no 度 in font nullfont!
Missing character: There is no 学 in font nullfont!
Missing character: There is no 习 in font nullfont!
Missing character: There is no 的 in font nullfont!
Missing character: There is no 特 in font nullfont!
Missing character: There is no 征 in font nullfont!
Missing character: There is no 提 in font nullfont!
Missing character: There is no 取 in font nullfont!
! Undefined control sequence.
l.2         \cauthorinfo
                        {伍炜臻}{华南师范大学}{}{}
The control sequence at the end of the top line
of your error message was never \def'ed. If you have
misspelled it (e.g., `\hobx'), type `I' and the correct
spelling (e.g., `I\hbox'). Otherwise just continue,
and I'll forget about whatever was undefined.

Missing character: There is no 伍 in font nullfont!
Missing character: There is no 炜 in font nullfont!
Missing character: There is no 臻 in font nullfont!
Missing character: There is no 华 in font nullfont!
Missing character: There is no 南 in font nullfont!
Missing character: There is no 师 in font nullfont!
Missing character: There is no 范 in font nullfont!
Missing character: There is no 大 in font nullfont!
Missing character: There is no 学 in font nullfont!

Overfull \hbox (20.0pt too wide) in paragraph at lines 1--4
[]
 []

)
! Emergency stop.
<*> abstract.tex
                
*** (job aborted, no legal \end found)

 
Here is how much of TeX's memory you used:
 4 strings out of 493638
 46 string characters out of 6146796
 53583 words of memory out of 5000000
 3505 multiletter control sequences out of 15000+600000
 3640 words of font info for 14 fonts, out of 8000000 for 9000
 1328 hyphenation exceptions out of 8191
 5i,0n,4p,156b,16s stack positions out of 5000i,500n,10000p,200000b,80000s
No pages of output.
