This is TeX, Version 3.14159265 (TeX Live 2015/Debian) (preloaded format=tex 2017.2.20)  5 JUN 2017 00:35
**reference.bib
(./reference.bib
Overfull \hbox (18.82945pt too wide) in paragraph at lines 1--7
[]\tenrm @bookhandy2003planning, ti-tle=Planning for street con-nec-tiv-ity: ge
t-ting from here to there, au-thor=Handy,|

\hbox(6.94444+1.94444)x469.75499, glue set - 1.0
.\hbox(0.0+0.0)x20.0
.\tenrm @
.\tenrm b
.\kern0.27779
.\tenrm o
.etc.


Overfull \hbox (4.6903pt too wide) in paragraph at lines 8--13
[]\tenrm @inproceedingsLecun1998GradientbasedLA, title=Gradient-based Learn-ing
 Ap-plied to Doc-u-ment Recog-|

\hbox(6.94444+1.94444)x469.75499, glue set - 1.0
.\hbox(0.0+0.0)x20.0
.\tenrm @
.\tenrm i
.\tenrm n
.\tenrm p
.etc.

)
*
! Interruption.
<*> 
    
? ls
Type <return> to proceed, S to scroll future error messages,
R to run without stopping, Q to run quietly,
I to insert something, 
H for help, X to quit.
? X
No pages of output.
